[0m09:08:41.851834 [debug] [MainThread]: Sending event: {'category': 'dbt', 'action': 'invocation', 'label': 'start', 'context': [<snowplow_tracker.self_describing_json.SelfDescribingJson object at 0x0000026145D93C20>, <snowplow_tracker.self_describing_json.SelfDescribingJson object at 0x0000026142573710>, <snowplow_tracker.self_describing_json.SelfDescribingJson object at 0x0000026142573140>]}


============================== 09:08:41.863643 | 279c29ed-7e6b-4724-adf8-949dba121c72 ==============================
[0m09:08:41.863643 [info ] [MainThread]: Running with dbt=1.8.7
[0m09:08:41.864644 [debug] [MainThread]: running dbt with arguments {'printer_width': '80', 'indirect_selection': 'eager', 'log_cache_events': 'False', 'write_json': 'True', 'partial_parse': 'True', 'cache_selected_only': 'False', 'warn_error': 'None', 'version_check': 'True', 'profiles_dir': 'C:\\Users\\mdakil.ahmed\\.dbt', 'log_path': 'logs', 'fail_fast': 'False', 'debug': 'False', 'use_colors': 'True', 'use_experimental_parser': 'False', 'empty': 'None', 'quiet': 'False', 'no_print': 'None', 'warn_error_options': 'WarnErrorOptions(include=[], exclude=[])', 'static_parser': 'True', 'invocation_command': 'dbt init', 'introspect': 'True', 'target_path': 'None', 'log_format': 'default', 'send_anonymous_usage_stats': 'True'}
[0m09:08:59.604764 [debug] [MainThread]: Starter project path: D:\dbt_postgres_monitor\dbt_postgres_venv\Lib\site-packages\dbt\include\starter_project
[0m09:08:59.693483 [info ] [MainThread]: 
Your new dbt project "spark_thrift_dbt" was created!

For more information on how to configure the profiles.yml file,
please consult the dbt documentation here:

  https://docs.getdbt.com/docs/configure-your-profile

One more thing:

Need help? Don't hesitate to reach out to us via GitHub issues or on Slack:

  https://community.getdbt.com/

Happy modeling!

[0m09:08:59.695481 [info ] [MainThread]: Setting up your profile.
[0m09:09:05.250923 [debug] [MainThread]: Spark adapter: Setting pyhive.hive logging to ERROR
[0m09:09:05.250923 [debug] [MainThread]: Spark adapter: Setting thrift.transport logging to ERROR
[0m09:09:05.251924 [debug] [MainThread]: Spark adapter: Setting thrift.protocol logging to ERROR
[0m09:09:30.878392 [info ] [MainThread]: Profile spark_thrift_dbt written to C:\Users\mdakil.ahmed\.dbt\profiles.yml using target's profile_template.yml and your supplied values. Run 'dbt debug' to validate the connection.
[0m09:09:30.881482 [debug] [MainThread]: Command `dbt init` succeeded at 09:09:30.880332 after 49.20 seconds
[0m09:09:30.881482 [debug] [MainThread]: Sending event: {'category': 'dbt', 'action': 'invocation', 'label': 'end', 'context': [<snowplow_tracker.self_describing_json.SelfDescribingJson object at 0x0000026145F2F950>, <snowplow_tracker.self_describing_json.SelfDescribingJson object at 0x0000026145A14860>, <snowplow_tracker.self_describing_json.SelfDescribingJson object at 0x00000261465E5A90>]}
[0m09:09:30.882483 [debug] [MainThread]: Flushing usage events
[0m11:42:17.187724 [debug] [MainThread]: Sending event: {'category': 'dbt', 'action': 'invocation', 'label': 'start', 'context': [<snowplow_tracker.self_describing_json.SelfDescribingJson object at 0x000002C2058C9580>, <snowplow_tracker.self_describing_json.SelfDescribingJson object at 0x000002C2092014C0>, <snowplow_tracker.self_describing_json.SelfDescribingJson object at 0x000002C209203D40>]}


============================== 11:42:17.192297 | a4bf37e2-c14b-4e7f-9f05-2a91b13b64cc ==============================
[0m11:42:17.192297 [info ] [MainThread]: Running with dbt=1.8.7
[0m11:42:17.193365 [debug] [MainThread]: running dbt with arguments {'printer_width': '80', 'indirect_selection': 'eager', 'log_cache_events': 'False', 'write_json': 'True', 'partial_parse': 'True', 'cache_selected_only': 'False', 'profiles_dir': 'C:\\Users\\mdakil.ahmed\\.dbt', 'debug': 'False', 'version_check': 'True', 'log_path': 'logs', 'fail_fast': 'False', 'warn_error': 'None', 'use_colors': 'True', 'use_experimental_parser': 'False', 'no_print': 'None', 'quiet': 'False', 'empty': 'None', 'warn_error_options': 'WarnErrorOptions(include=[], exclude=[])', 'invocation_command': 'dbt init', 'log_format': 'default', 'static_parser': 'True', 'target_path': 'None', 'introspect': 'True', 'send_anonymous_usage_stats': 'True'}
[0m11:42:22.640999 [debug] [MainThread]: Starter project path: D:\dbt_postgres_monitor\dbt_postgres_venv\Lib\site-packages\dbt\include\starter_project
[0m11:42:22.689235 [info ] [MainThread]: 
Your new dbt project "spark_thrift_dbt" was created!

For more information on how to configure the profiles.yml file,
please consult the dbt documentation here:

  https://docs.getdbt.com/docs/configure-your-profile

One more thing:

Need help? Don't hesitate to reach out to us via GitHub issues or on Slack:

  https://community.getdbt.com/

Happy modeling!

[0m11:42:22.691234 [info ] [MainThread]: Setting up your profile.
[0m11:42:27.800213 [debug] [MainThread]: Command `dbt init` succeeded at 11:42:27.799678 after 10.83 seconds
[0m11:42:27.800743 [debug] [MainThread]: Sending event: {'category': 'dbt', 'action': 'invocation', 'label': 'end', 'context': [<snowplow_tracker.self_describing_json.SelfDescribingJson object at 0x000002C2090B72F0>, <snowplow_tracker.self_describing_json.SelfDescribingJson object at 0x000002C205B99B80>, <snowplow_tracker.self_describing_json.SelfDescribingJson object at 0x000002C20937A030>]}
[0m11:42:27.801254 [debug] [MainThread]: Flushing usage events
